This file contains any messages produced by compilers while
running configure, to aid debugging if configure makes a mistake.

It was created by alsa-lib configure 1.0.28, which was
generated by GNU Autoconf 2.69.  Invocation command line was

  $ ./configure --disable-aload --prefix=/usr --libdir=/usr/lib --with-plugindir=/usr/lib/alsa-lib --with-pkgconfdir=/usr/lib/pkgconfig

## --------- ##
## Platform. ##
## --------- ##

hostname = dell
uname -m = x86_64
uname -r = 4.4.0-91-generic
uname -s = Linux
uname -v = #114-Ubuntu SMP Tue Aug 8 11:56:56 UTC 2017

/usr/bin/uname -p = unknown
/bin/uname -X     = unknown

/bin/arch              = unknown
/usr/bin/arch -k       = unknown
/usr/convex/getsysinfo = unknown
/usr/bin/hostinfo      = unknown
/bin/machine           = unknown
/usr/bin/oslevel       = unknown
/bin/universe          = unknown

PATH: /home/sspan/sourcery-tools/aarch64-none-elf/bin
PATH: /home/sspan/sourcery-tools/arc-elf32-em4/bin
PATH: /home/sspan/sourcery-tools/arm-none-eabi/bin
PATH: /home/sspan/sourcery-tools/aarch64-linux-gnu/bin
PATH: /usr/local/sbin
PATH: /usr/local/bin
PATH: /usr/sbin
PATH: /usr/bin
PATH: /sbin
PATH: /bin
PATH: /usr/games
PATH: /usr/local/games
PATH: /snap/bin


## ----------- ##
## Core tests. ##
## ----------- ##

configure:2437: checking build system type
configure:2451: result: x86_64-unknown-linux-gnu
configure:2471: checking host system type
configure:2484: result: x86_64-unknown-linux-gnu
configure:2520: checking for a BSD-compatible install
configure:2588: result: /usr/bin/install -c
configure:2599: checking whether build environment is sane
configure:2654: result: yes
configure:2805: checking for a thread-safe mkdir -p
configure:2844: result: /bin/mkdir -p
configure:2851: checking for gawk
configure:2867: found /usr/bin/gawk
configure:2878: result: gawk
configure:2889: checking whether make sets $(MAKE)
configure:2911: result: yes
configure:2940: checking whether make supports nested variables
configure:2957: result: yes
configure:3094: checking whether to enable maintainer-specific portions of Makefiles
configure:3103: result: yes
configure:3129: checking whether make supports nested variables
configure:3146: result: yes
configure:3227: checking for gcc
configure:3254: result: gcc
configure:3483: checking for C compiler version
configure:3492: gcc --version >&5
gcc (Ubuntu 5.4.0-6ubuntu1~16.04.4) 5.4.0 20160609
Copyright (C) 2015 Free Software Foundation, Inc.
This is free software; see the source for copying conditions.  There is NO
warranty; not even for MERCHANTABILITY or FITNESS FOR A PARTICULAR PURPOSE.

configure:3503: $? = 0
configure:3492: gcc -v >&5
Using built-in specs.
COLLECT_GCC=gcc
COLLECT_LTO_WRAPPER=/usr/lib/gcc/x86_64-linux-gnu/5/lto-wrapper
Target: x86_64-linux-gnu
Configured with: ../src/configure -v --with-pkgversion='Ubuntu 5.4.0-6ubuntu1~16.04.4' --with-bugurl=file:///usr/share/doc/gcc-5/README.Bugs --enable-languages=c,ada,c++,java,go,d,fortran,objc,obj-c++ --prefix=/usr --program-suffix=-5 --enable-shared --enable-linker-build-id --libexecdir=/usr/lib --without-included-gettext --enable-threads=posix --libdir=/usr/lib --enable-nls --with-sysroot=/ --enable-clocale=gnu --enable-libstdcxx-debug --enable-libstdcxx-time=yes --with-default-libstdcxx-abi=new --enable-gnu-unique-object --disable-vtable-verify --enable-libmpx --enable-plugin --with-system-zlib --disable-browser-plugin --enable-java-awt=gtk --enable-gtk-cairo --with-java-home=/usr/lib/jvm/java-1.5.0-gcj-5-amd64/jre --enable-java-home --with-jvm-root-dir=/usr/lib/jvm/java-1.5.0-gcj-5-amd64 --with-jvm-jar-dir=/usr/lib/jvm-exports/java-1.5.0-gcj-5-amd64 --with-arch-directory=amd64 --with-ecj-jar=/usr/share/java/eclipse-ecj.jar --enable-objc-gc --enable-multiarch --disable-werror --with-arch-32=i686 --with-abi=m64 --with-multilib-list=m32,m64,mx32 --enable-multilib --with-tune=generic --enable-checking=release --build=x86_64-linux-gnu --host=x86_64-linux-gnu --target=x86_64-linux-gnu
Thread model: posix
gcc version 5.4.0 20160609 (Ubuntu 5.4.0-6ubuntu1~16.04.4) 
configure:3503: $? = 0
configure:3492: gcc -V >&5
gcc: error: unrecognized command line option '-V'
gcc: fatal error: no input files
compilation terminated.
configure:3503: $? = 1
configure:3492: gcc -qversion >&5
gcc: error: unrecognized command line option '-qversion'
gcc: fatal error: no input files
compilation terminated.
configure:3503: $? = 1
configure:3523: checking whether the C compiler works
configure:3545: gcc -O2 -Wall -W -pipe -g -std=gnu99 -D_GNU_SOURCE   conftest.c  >&5
configure:3549: $? = 0
configure:3597: result: yes
configure:3600: checking for C compiler default output file name
configure:3602: result: a.out
configure:3608: checking for suffix of executables
configure:3615: gcc -o conftest -O2 -Wall -W -pipe -g -std=gnu99 -D_GNU_SOURCE   conftest.c  >&5
configure:3619: $? = 0
configure:3641: result: 
configure:3663: checking whether we are cross compiling
configure:3671: gcc -o conftest -O2 -Wall -W -pipe -g -std=gnu99 -D_GNU_SOURCE   conftest.c  >&5
configure:3675: $? = 0
configure:3682: ./conftest
configure:3686: $? = 0
configure:3701: result: no
configure:3706: checking for suffix of object files
configure:3728: gcc -c -O2 -Wall -W -pipe -g -std=gnu99 -D_GNU_SOURCE  conftest.c >&5
configure:3732: $? = 0
configure:3753: result: o
configure:3757: checking whether we are using the GNU C compiler
configure:3776: gcc -c -O2 -Wall -W -pipe -g -std=gnu99 -D_GNU_SOURCE  conftest.c >&5
configure:3776: $? = 0
configure:3785: result: yes
configure:3794: checking whether gcc accepts -g
configure:3814: gcc -c -g  conftest.c >&5
configure:3814: $? = 0
configure:3855: result: yes
configure:3872: checking for gcc option to accept ISO C89
configure:3935: gcc  -c -O2 -Wall -W -pipe -g -std=gnu99 -D_GNU_SOURCE  conftest.c >&5
configure:3935: $? = 0
configure:3948: result: none needed
configure:3973: checking whether gcc understands -c and -o together
configure:3995: gcc -c conftest.c -o conftest2.o
configure:3998: $? = 0
configure:3995: gcc -c conftest.c -o conftest2.o
configure:3998: $? = 0
configure:4010: result: yes
configure:4038: checking for style of include used by make
configure:4066: result: GNU
configure:4092: checking dependency style of gcc
configure:4203: result: gcc3
configure:4223: checking how to run the C preprocessor
configure:4254: gcc -E  conftest.c
configure:4254: $? = 0
configure:4268: gcc -E  conftest.c
conftest.c:11:28: fatal error: ac_nonexistent.h: No such file or directory
compilation terminated.
configure:4268: $? = 1
configure: failed program was:
| /* confdefs.h */
| #define PACKAGE_NAME "alsa-lib"
| #define PACKAGE_TARNAME "alsa-lib"
| #define PACKAGE_VERSION "1.0.28"
| #define PACKAGE_STRING "alsa-lib 1.0.28"
| #define PACKAGE_BUGREPORT ""
| #define PACKAGE_URL ""
| #define PACKAGE "alsa-lib"
| #define VERSION "1.0.28"
| /* end confdefs.h.  */
| #include <ac_nonexistent.h>
configure:4293: result: gcc -E
configure:4313: gcc -E  conftest.c
configure:4313: $? = 0
configure:4327: gcc -E  conftest.c
conftest.c:11:28: fatal error: ac_nonexistent.h: No such file or directory
compilation terminated.
configure:4327: $? = 1
configure: failed program was:
| /* confdefs.h */
| #define PACKAGE_NAME "alsa-lib"
| #define PACKAGE_TARNAME "alsa-lib"
| #define PACKAGE_VERSION "1.0.28"
| #define PACKAGE_STRING "alsa-lib 1.0.28"
| #define PACKAGE_BUGREPORT ""
| #define PACKAGE_URL ""
| #define PACKAGE "alsa-lib"
| #define VERSION "1.0.28"
| /* end confdefs.h.  */
| #include <ac_nonexistent.h>
configure:4356: checking whether ln -s works
configure:4360: result: yes
configure:4448: checking how to print strings
configure:4475: result: printf
configure:4496: checking for a sed that does not truncate output
configure:4560: result: /bin/sed
configure:4578: checking for grep that handles long lines and -e
configure:4636: result: /bin/grep
configure:4641: checking for egrep
configure:4703: result: /bin/grep -E
configure:4708: checking for fgrep
configure:4770: result: /bin/grep -F
configure:4805: checking for ld used by gcc
configure:4872: result: /usr/bin/ld
configure:4879: checking if the linker (/usr/bin/ld) is GNU ld
configure:4894: result: yes
configure:4906: checking for BSD- or MS-compatible name lister (nm)
configure:4960: result: /usr/bin/nm -B
configure:5090: checking the name lister (/usr/bin/nm -B) interface
configure:5097: gcc -c -O2 -Wall -W -pipe -g -std=gnu99 -D_GNU_SOURCE  conftest.c >&5
configure:5100: /usr/bin/nm -B "conftest.o"
configure:5103: output
0000000000000000 B some_variable
configure:5110: result: BSD nm
configure:5114: checking the maximum length of command line arguments
configure:5245: result: 1572864
configure:5293: checking how to convert x86_64-unknown-linux-gnu file names to x86_64-unknown-linux-gnu format
configure:5333: result: func_convert_file_noop
configure:5340: checking how to convert x86_64-unknown-linux-gnu file names to toolchain format
configure:5360: result: func_convert_file_noop
configure:5367: checking for /usr/bin/ld option to reload object files
configure:5374: result: -r
configure:5448: checking for objdump
configure:5464: found /usr/bin/objdump
configure:5475: result: objdump
configure:5507: checking how to recognize dependent libraries
configure:5707: result: pass_all
configure:5792: checking for dlltool
configure:5822: result: no
configure:5852: checking how to associate runtime and link libraries
configure:5879: result: printf %s\n
configure:5940: checking for ar
configure:5956: found /usr/bin/ar
configure:5967: result: ar
configure:6004: checking for archiver @FILE support
configure:6021: gcc -c -O2 -Wall -W -pipe -g -std=gnu99 -D_GNU_SOURCE  conftest.c >&5
configure:6021: $? = 0
configure:6024: ar cru libconftest.a @conftest.lst >&5
ar: `u' modifier ignored since `D' is the default (see `U')
configure:6027: $? = 0
configure:6032: ar cru libconftest.a @conftest.lst >&5
ar: `u' modifier ignored since `D' is the default (see `U')
ar: conftest.o: No such file or directory
configure:6035: $? = 1
configure:6047: result: @
configure:6105: checking for strip
configure:6121: found /usr/bin/strip
configure:6132: result: strip
configure:6204: checking for ranlib
configure:6220: found /usr/bin/ranlib
configure:6231: result: ranlib
configure:6333: checking command to parse /usr/bin/nm -B output from gcc object
configure:6486: gcc -c -O2 -Wall -W -pipe -g -std=gnu99 -D_GNU_SOURCE  conftest.c >&5
configure:6489: $? = 0
configure:6493: /usr/bin/nm -B conftest.o \| sed -n -e 's/^.*[ ]\([ABCDGIRSTW][ABCDGIRSTW]*\)[ ][ ]*\([_A-Za-z][_A-Za-z0-9]*\)$/\1 \2 \2/p' | sed '/ __gnu_lto/d' \> conftest.nm
configure:6496: $? = 0
configure:6562: gcc -o conftest -O2 -Wall -W -pipe -g -std=gnu99 -D_GNU_SOURCE   conftest.c conftstm.o >&5
configure:6565: $? = 0
configure:6603: result: ok
configure:6650: checking for sysroot
configure:6680: result: no
configure:6687: checking for a working dd
configure:6725: result: /bin/dd
configure:6729: checking how to truncate binary pipes
configure:6744: result: /bin/dd bs=4096 count=1
configure:6880: gcc -c -O2 -Wall -W -pipe -g -std=gnu99 -D_GNU_SOURCE  conftest.c >&5
configure:6883: $? = 0
configure:7073: checking for mt
configure:7089: found /bin/mt
configure:7100: result: mt
configure:7123: checking if mt is a manifest tool
configure:7129: mt '-?'
configure:7137: result: no
configure:7810: checking for ANSI C header files
configure:7830: gcc -c -O2 -Wall -W -pipe -g -std=gnu99 -D_GNU_SOURCE  conftest.c >&5
configure:7830: $? = 0
configure:7903: gcc -o conftest -O2 -Wall -W -pipe -g -std=gnu99 -D_GNU_SOURCE   conftest.c  >&5
configure:7903: $? = 0
configure:7903: ./conftest
configure:7903: $? = 0
configure:7914: result: yes
configure:7927: checking for sys/types.h
configure:7927: gcc -c -O2 -Wall -W -pipe -g -std=gnu99 -D_GNU_SOURCE  conftest.c >&5
configure:7927: $? = 0
configure:7927: result: yes
configure:7927: checking for sys/stat.h
configure:7927: gcc -c -O2 -Wall -W -pipe -g -std=gnu99 -D_GNU_SOURCE  conftest.c >&5
configure:7927: $? = 0
configure:7927: result: yes
configure:7927: checking for stdlib.h
configure:7927: gcc -c -O2 -Wall -W -pipe -g -std=gnu99 -D_GNU_SOURCE  conftest.c >&5
configure:7927: $? = 0
configure:7927: result: yes
configure:7927: checking for string.h
configure:7927: gcc -c -O2 -Wall -W -pipe -g -std=gnu99 -D_GNU_SOURCE  conftest.c >&5
configure:7927: $? = 0
configure:7927: result: yes
configure:7927: checking for memory.h
configure:7927: gcc -c -O2 -Wall -W -pipe -g -std=gnu99 -D_GNU_SOURCE  conftest.c >&5
configure:7927: $? = 0
configure:7927: result: yes
configure:7927: checking for strings.h
configure:7927: gcc -c -O2 -Wall -W -pipe -g -std=gnu99 -D_GNU_SOURCE  conftest.c >&5
configure:7927: $? = 0
configure:7927: result: yes
configure:7927: checking for inttypes.h
configure:7927: gcc -c -O2 -Wall -W -pipe -g -std=gnu99 -D_GNU_SOURCE  conftest.c >&5
configure:7927: $? = 0
configure:7927: result: yes
configure:7927: checking for stdint.h
configure:7927: gcc -c -O2 -Wall -W -pipe -g -std=gnu99 -D_GNU_SOURCE  conftest.c >&5
configure:7927: $? = 0
configure:7927: result: yes
configure:7927: checking for unistd.h
configure:7927: gcc -c -O2 -Wall -W -pipe -g -std=gnu99 -D_GNU_SOURCE  conftest.c >&5
configure:7927: $? = 0
configure:7927: result: yes
configure:7941: checking for dlfcn.h
configure:7941: gcc -c -O2 -Wall -W -pipe -g -std=gnu99 -D_GNU_SOURCE  conftest.c >&5
configure:7941: $? = 0
configure:7941: result: yes
configure:8165: checking for objdir
configure:8180: result: .libs
configure:8444: checking if gcc supports -fno-rtti -fno-exceptions
configure:8462: gcc -c -O2 -Wall -W -pipe -g -std=gnu99 -D_GNU_SOURCE  -fno-rtti -fno-exceptions conftest.c >&5
cc1: warning: command line option '-fno-rtti' is valid for C++/ObjC++ but not for C
configure:8466: $? = 0
configure:8479: result: no
configure:8837: checking for gcc option to produce PIC
configure:8844: result: -fPIC -DPIC
configure:8852: checking if gcc PIC flag -fPIC -DPIC works
configure:8870: gcc -c -O2 -Wall -W -pipe -g -std=gnu99 -D_GNU_SOURCE  -fPIC -DPIC -DPIC conftest.c >&5
configure:8874: $? = 0
configure:8887: result: yes
configure:8916: checking if gcc static flag -static works
configure:8944: result: yes
configure:8959: checking if gcc supports -c -o file.o
configure:8980: gcc -c -O2 -Wall -W -pipe -g -std=gnu99 -D_GNU_SOURCE  -o out/conftest2.o conftest.c >&5
configure:8984: $? = 0
configure:9006: result: yes
configure:9014: checking if gcc supports -c -o file.o
configure:9061: result: yes
configure:9094: checking whether the gcc linker (/usr/bin/ld -m elf_x86_64) supports shared libraries
configure:10357: result: yes
configure:10394: checking whether -lc should be explicitly linked in
configure:10402: gcc -c -O2 -Wall -W -pipe -g -std=gnu99 -D_GNU_SOURCE  conftest.c >&5
configure:10405: $? = 0
configure:10420: gcc -shared  -fPIC -DPIC conftest.o  -v -Wl,-soname -Wl,conftest -o conftest 2\>\&1 \| /bin/grep  -lc  \>/dev/null 2\>\&1
configure:10423: $? = 0
configure:10437: result: no
configure:10597: checking dynamic linker characteristics
configure:11178: gcc -o conftest -O2 -Wall -W -pipe -g -std=gnu99 -D_GNU_SOURCE   -Wl,-rpath -Wl,/foo conftest.c  >&5
configure:11178: $? = 0
configure:11427: result: GNU/Linux ld.so
configure:11549: checking how to hardcode library paths into programs
configure:11574: result: immediate
configure:11676: checking for shl_load
configure:11676: gcc -o conftest -O2 -Wall -W -pipe -g -std=gnu99 -D_GNU_SOURCE   conftest.c  >&5
/tmp/cc2kABdc.o: In function `main':
/home/sspan/workspace/alsa_rec/alsa-lib-1.0.28ah-v2/conftest.c:57: undefined reference to `shl_load'
collect2: error: ld returned 1 exit status
configure:11676: $? = 1
configure: failed program was:
| /* confdefs.h */
| #define PACKAGE_NAME "alsa-lib"
| #define PACKAGE_TARNAME "alsa-lib"
| #define PACKAGE_VERSION "1.0.28"
| #define PACKAGE_STRING "alsa-lib 1.0.28"
| #define PACKAGE_BUGREPORT ""
| #define PACKAGE_URL ""
| #define PACKAGE "alsa-lib"
| #define VERSION "1.0.28"
| #define STDC_HEADERS 1
| #define HAVE_SYS_TYPES_H 1
| #define HAVE_SYS_STAT_H 1
| #define HAVE_STDLIB_H 1
| #define HAVE_STRING_H 1
| #define HAVE_MEMORY_H 1
| #define HAVE_STRINGS_H 1
| #define HAVE_INTTYPES_H 1
| #define HAVE_STDINT_H 1
| #define HAVE_UNISTD_H 1
| #define HAVE_DLFCN_H 1
| #define LT_OBJDIR ".libs/"
| /* end confdefs.h.  */
| /* Define shl_load to an innocuous variant, in case <limits.h> declares shl_load.
|    For example, HP-UX 11i <limits.h> declares gettimeofday.  */
| #define shl_load innocuous_shl_load
| 
| /* System header to define __stub macros and hopefully few prototypes,
|     which can conflict with char shl_load (); below.
|     Prefer <limits.h> to <assert.h> if __STDC__ is defined, since
|     <limits.h> exists even on freestanding compilers.  */
| 
| #ifdef __STDC__
| # include <limits.h>
| #else
| # include <assert.h>
| #endif
| 
| #undef shl_load
| 
| /* Override any GCC internal prototype to avoid an error.
|    Use char because int might match the return type of a GCC
|    builtin and then its argument prototype would still apply.  */
| #ifdef __cplusplus
| extern "C"
| #endif
| char shl_load ();
| /* The GNU C library defines this for functions which it implements
|     to always fail with ENOSYS.  Some functions are actually named
|     something starting with __ and the normal name is an alias.  */
| #if defined __stub_shl_load || defined __stub___shl_load
| choke me
| #endif
| 
| int
| main ()
| {
| return shl_load ();
|   ;
|   return 0;
| }
configure:11676: result: no
configure:11680: checking for shl_load in -ldld
configure:11705: gcc -o conftest -O2 -Wall -W -pipe -g -std=gnu99 -D_GNU_SOURCE   conftest.c -ldld   >&5
/usr/bin/ld: cannot find -ldld
collect2: error: ld returned 1 exit status
configure:11705: $? = 1
configure: failed program was:
| /* confdefs.h */
| #define PACKAGE_NAME "alsa-lib"
| #define PACKAGE_TARNAME "alsa-lib"
| #define PACKAGE_VERSION "1.0.28"
| #define PACKAGE_STRING "alsa-lib 1.0.28"
| #define PACKAGE_BUGREPORT ""
| #define PACKAGE_URL ""
| #define PACKAGE "alsa-lib"
| #define VERSION "1.0.28"
| #define STDC_HEADERS 1
| #define HAVE_SYS_TYPES_H 1
| #define HAVE_SYS_STAT_H 1
| #define HAVE_STDLIB_H 1
| #define HAVE_STRING_H 1
| #define HAVE_MEMORY_H 1
| #define HAVE_STRINGS_H 1
| #define HAVE_INTTYPES_H 1
| #define HAVE_STDINT_H 1
| #define HAVE_UNISTD_H 1
| #define HAVE_DLFCN_H 1
| #define LT_OBJDIR ".libs/"
| /* end confdefs.h.  */
| 
| /* Override any GCC internal prototype to avoid an error.
|    Use char because int might match the return type of a GCC
|    builtin and then its argument prototype would still apply.  */
| #ifdef __cplusplus
| extern "C"
| #endif
| char shl_load ();
| int
| main ()
| {
| return shl_load ();
|   ;
|   return 0;
| }
configure:11714: result: no
configure:11719: checking for dlopen
configure:11719: gcc -o conftest -O2 -Wall -W -pipe -g -std=gnu99 -D_GNU_SOURCE   conftest.c  >&5
/tmp/ccsesRRh.o: In function `main':
/home/sspan/workspace/alsa_rec/alsa-lib-1.0.28ah-v2/conftest.c:57: undefined reference to `dlopen'
collect2: error: ld returned 1 exit status
configure:11719: $? = 1
configure: failed program was:
| /* confdefs.h */
| #define PACKAGE_NAME "alsa-lib"
| #define PACKAGE_TARNAME "alsa-lib"
| #define PACKAGE_VERSION "1.0.28"
| #define PACKAGE_STRING "alsa-lib 1.0.28"
| #define PACKAGE_BUGREPORT ""
| #define PACKAGE_URL ""
| #define PACKAGE "alsa-lib"
| #define VERSION "1.0.28"
| #define STDC_HEADERS 1
| #define HAVE_SYS_TYPES_H 1
| #define HAVE_SYS_STAT_H 1
| #define HAVE_STDLIB_H 1
| #define HAVE_STRING_H 1
| #define HAVE_MEMORY_H 1
| #define HAVE_STRINGS_H 1
| #define HAVE_INTTYPES_H 1
| #define HAVE_STDINT_H 1
| #define HAVE_UNISTD_H 1
| #define HAVE_DLFCN_H 1
| #define LT_OBJDIR ".libs/"
| /* end confdefs.h.  */
| /* Define dlopen to an innocuous variant, in case <limits.h> declares dlopen.
|    For example, HP-UX 11i <limits.h> declares gettimeofday.  */
| #define dlopen innocuous_dlopen
| 
| /* System header to define __stub macros and hopefully few prototypes,
|     which can conflict with char dlopen (); below.
|     Prefer <limits.h> to <assert.h> if __STDC__ is defined, since
|     <limits.h> exists even on freestanding compilers.  */
| 
| #ifdef __STDC__
| # include <limits.h>
| #else
| # include <assert.h>
| #endif
| 
| #undef dlopen
| 
| /* Override any GCC internal prototype to avoid an error.
|    Use char because int might match the return type of a GCC
|    builtin and then its argument prototype would still apply.  */
| #ifdef __cplusplus
| extern "C"
| #endif
| char dlopen ();
| /* The GNU C library defines this for functions which it implements
|     to always fail with ENOSYS.  Some functions are actually named
|     something starting with __ and the normal name is an alias.  */
| #if defined __stub_dlopen || defined __stub___dlopen
| choke me
| #endif
| 
| int
| main ()
| {
| return dlopen ();
|   ;
|   return 0;
| }
configure:11719: result: no
configure:11723: checking for dlopen in -ldl
configure:11748: gcc -o conftest -O2 -Wall -W -pipe -g -std=gnu99 -D_GNU_SOURCE   conftest.c -ldl   >&5
configure:11748: $? = 0
configure:11757: result: yes
configure:11876: checking whether a program can dlopen itself
configure:11956: gcc -o conftest -O2 -Wall -W -pipe -g -std=gnu99 -D_GNU_SOURCE  -DHAVE_DLFCN_H  -Wl,--export-dynamic conftest.c -ldl  >&5
configure:11959: $? = 0
configure:11977: result: yes
configure:11982: checking whether a statically linked program can dlopen itself
configure:12062: gcc -o conftest -O2 -Wall -W -pipe -g -std=gnu99 -D_GNU_SOURCE  -DHAVE_DLFCN_H  -Wl,--export-dynamic -static conftest.c -ldl  >&5
/tmp/cc6NcW2g.o: In function `main':
/home/sspan/workspace/alsa_rec/alsa-lib-1.0.28ah-v2/configure:12041: warning: Using 'dlopen' in statically linked applications requires at runtime the shared libraries from the glibc version used for linking
/usr/bin/ld: dynamic STT_GNU_IFUNC symbol `strcmp' with pointer equality in `/usr/lib/gcc/x86_64-linux-gnu/5/../../../x86_64-linux-gnu/libc.a(strcmp.o)' can not be used when making an executable; recompile with -fPIE and relink with -pie
collect2: error: ld returned 1 exit status
configure:12065: $? = 1
configure:12083: result: no
configure:12122: checking whether stripping libraries is possible
configure:12127: result: yes
configure:12162: checking if libtool supports shared libraries
configure:12164: result: yes
configure:12167: checking whether to build shared libraries
configure:12192: result: yes
configure:12195: checking whether to build static libraries
configure:12199: result: no
configure:12245: checking if gcc supports -Wl,--no-undefined flag
configure:12256: gcc -o conftest -O2 -Wall -W -pipe -g -std=gnu99 -D_GNU_SOURCE   -Wl,--no-undefined conftest.c  >&5
configure:12256: $? = 0
configure:12267: result: yes
configure:12282: checking for ANSI C header files
configure:12386: result: yes
configure:12397: checking for an ANSI C-conforming const
configure:12463: gcc -c -O2 -Wall -W -pipe -g -std=gnu99 -D_GNU_SOURCE  conftest.c >&5
configure:12463: $? = 0
configure:12470: result: yes
configure:12478: checking for inline
configure:12494: gcc -c -O2 -Wall -W -pipe -g -std=gnu99 -D_GNU_SOURCE  conftest.c >&5
configure:12494: $? = 0
configure:12502: result: inline
configure:12520: checking whether time.h and sys/time.h may both be included
configure:12540: gcc -c -O2 -Wall -W -pipe -g -std=gnu99 -D_GNU_SOURCE  conftest.c >&5
configure:12540: $? = 0
configure:12547: result: yes
configure:12557: checking whether gcc needs -traditional
configure:12591: result: no
configure:12600: checking for uselocale
configure:12600: gcc -o conftest -O2 -Wall -W -pipe -g -std=gnu99 -D_GNU_SOURCE   conftest.c  >&5
configure:12600: $? = 0
configure:12600: result: yes
configure:12611: checking for library version
configure:12636: result: major 1 minor 0 subminor 28 extrastr  extraver 1000000
configure:12727: checking for versioned symbols
configure:12754: result: yes
configure:12773: checking for symbolic-functions
configure:12792: result: no
configure:12804: checking for custom symbol prefixes
configure:12817: result: 
configure:12820: checking for debug
configure:12831: result: yes
configure:12842: checking for debug assert
configure:12858: result: no
configure:12863: checking for tmpdir
configure:12873: result: /tmp
configure:12881: checking for softfloat
configure:12899: result: no
configure:12908: checking for libdl
configure:12920: checking for dlsym in -ldl
configure:12945: gcc -o conftest -O2 -Wall -W -pipe -g -std=gnu99 -D_GNU_SOURCE   conftest.c -ldl   >&5
configure:12945: $? = 0
configure:12954: result: yes
configure:12979: checking for pthread
configure:12990: checking for pthread_join in -lpthread
configure:13015: gcc -o conftest -O2 -Wall -W -pipe -g -std=gnu99 -D_GNU_SOURCE   conftest.c -lpthread   >&5
configure:13015: $? = 0
configure:13024: result: yes
configure:13041: checking for __thread
configure:13056: gcc -o conftest -O2 -Wall -W -pipe -g -std=gnu99 -D_GNU_SOURCE   conftest.c  >&5
conftest.c: In function 'main':
conftest.c:41:21: warning: unused variable 'p' [-Wunused-variable]
 static __thread int p = 0
                     ^
configure:13056: $? = 0
configure:13060: result: yes
configure:13069: checking for librt
configure:13080: checking for clock_gettime in -lrt
configure:13105: gcc -o conftest -O2 -Wall -W -pipe -g -std=gnu99 -D_GNU_SOURCE   conftest.c -lrt   >&5
configure:13105: $? = 0
configure:13114: result: yes
configure:13139: checking wordexp.h usability
configure:13139: gcc -c -O2 -Wall -W -pipe -g -std=gnu99 -D_GNU_SOURCE  conftest.c >&5
configure:13139: $? = 0
configure:13139: result: yes
configure:13139: checking wordexp.h presence
configure:13139: gcc -E  conftest.c
configure:13139: $? = 0
configure:13139: result: yes
configure:13139: checking for wordexp.h
configure:13139: result: yes
configure:13139: checking endian.h usability
configure:13139: gcc -c -O2 -Wall -W -pipe -g -std=gnu99 -D_GNU_SOURCE  conftest.c >&5
configure:13139: $? = 0
configure:13139: result: yes
configure:13139: checking endian.h presence
configure:13139: gcc -E  conftest.c
configure:13139: $? = 0
configure:13139: result: yes
configure:13139: checking for endian.h
configure:13139: result: yes
configure:13139: checking sys/endian.h usability
configure:13139: gcc -c -O2 -Wall -W -pipe -g -std=gnu99 -D_GNU_SOURCE  conftest.c >&5
conftest.c:73:24: fatal error: sys/endian.h: No such file or directory
compilation terminated.
configure:13139: $? = 1
configure: failed program was:
| /* confdefs.h */
| #define PACKAGE_NAME "alsa-lib"
| #define PACKAGE_TARNAME "alsa-lib"
| #define PACKAGE_VERSION "1.0.28"
| #define PACKAGE_STRING "alsa-lib 1.0.28"
| #define PACKAGE_BUGREPORT ""
| #define PACKAGE_URL ""
| #define PACKAGE "alsa-lib"
| #define VERSION "1.0.28"
| #define STDC_HEADERS 1
| #define HAVE_SYS_TYPES_H 1
| #define HAVE_SYS_STAT_H 1
| #define HAVE_STDLIB_H 1
| #define HAVE_STRING_H 1
| #define HAVE_MEMORY_H 1
| #define HAVE_STRINGS_H 1
| #define HAVE_INTTYPES_H 1
| #define HAVE_STDINT_H 1
| #define HAVE_UNISTD_H 1
| #define HAVE_DLFCN_H 1
| #define LT_OBJDIR ".libs/"
| #define STDC_HEADERS 1
| #define TIME_WITH_SYS_TIME 1
| #define HAVE_USELOCALE 1
| #define VERSION "1.0.28"
| #define ALSA_CONFIG_DIR "/usr/share/alsa"
| #define ALSA_PLUGIN_DIR "/usr/lib/alsa-lib"
| #define ALSA_PKGCONF_DIR "/usr/lib/pkgconfig"
| #define VERSIONED_SYMBOLS /**/
| #define __SYMBOL_PREFIX ""
| #define TMPDIR "/tmp"
| #define HAVE_LIBDL 1
| #define HAVE_LIBPTHREAD 1
| #define HAVE___THREAD 1
| #define HAVE_LIBRT 1
| #define HAVE_CLOCK_GETTIME 1
| #define HAVE_WORDEXP_H 1
| #define HAVE_ENDIAN_H 1
| /* end confdefs.h.  */
| #include <stdio.h>
| #ifdef HAVE_SYS_TYPES_H
| # include <sys/types.h>
| #endif
| #ifdef HAVE_SYS_STAT_H
| # include <sys/stat.h>
| #endif
| #ifdef STDC_HEADERS
| # include <stdlib.h>
| # include <stddef.h>
| #else
| # ifdef HAVE_STDLIB_H
| #  include <stdlib.h>
| # endif
| #endif
| #ifdef HAVE_STRING_H
| # if !defined STDC_HEADERS && defined HAVE_MEMORY_H
| #  include <memory.h>
| # endif
| # include <string.h>
| #endif
| #ifdef HAVE_STRINGS_H
| # include <strings.h>
| #endif
| #ifdef HAVE_INTTYPES_H
| # include <inttypes.h>
| #endif
| #ifdef HAVE_STDINT_H
| # include <stdint.h>
| #endif
| #ifdef HAVE_UNISTD_H
| # include <unistd.h>
| #endif
| #include <sys/endian.h>
configure:13139: result: no
configure:13139: checking sys/endian.h presence
configure:13139: gcc -E  conftest.c
conftest.c:40:24: fatal error: sys/endian.h: No such file or directory
compilation terminated.
configure:13139: $? = 1
configure: failed program was:
| /* confdefs.h */
| #define PACKAGE_NAME "alsa-lib"
| #define PACKAGE_TARNAME "alsa-lib"
| #define PACKAGE_VERSION "1.0.28"
| #define PACKAGE_STRING "alsa-lib 1.0.28"
| #define PACKAGE_BUGREPORT ""
| #define PACKAGE_URL ""
| #define PACKAGE "alsa-lib"
| #define VERSION "1.0.28"
| #define STDC_HEADERS 1
| #define HAVE_SYS_TYPES_H 1
| #define HAVE_SYS_STAT_H 1
| #define HAVE_STDLIB_H 1
| #define HAVE_STRING_H 1
| #define HAVE_MEMORY_H 1
| #define HAVE_STRINGS_H 1
| #define HAVE_INTTYPES_H 1
| #define HAVE_STDINT_H 1
| #define HAVE_UNISTD_H 1
| #define HAVE_DLFCN_H 1
| #define LT_OBJDIR ".libs/"
| #define STDC_HEADERS 1
| #define TIME_WITH_SYS_TIME 1
| #define HAVE_USELOCALE 1
| #define VERSION "1.0.28"
| #define ALSA_CONFIG_DIR "/usr/share/alsa"
| #define ALSA_PLUGIN_DIR "/usr/lib/alsa-lib"
| #define ALSA_PKGCONF_DIR "/usr/lib/pkgconfig"
| #define VERSIONED_SYMBOLS /**/
| #define __SYMBOL_PREFIX ""
| #define TMPDIR "/tmp"
| #define HAVE_LIBDL 1
| #define HAVE_LIBPTHREAD 1
| #define HAVE___THREAD 1
| #define HAVE_LIBRT 1
| #define HAVE_CLOCK_GETTIME 1
| #define HAVE_WORDEXP_H 1
| #define HAVE_ENDIAN_H 1
| /* end confdefs.h.  */
| #include <sys/endian.h>
configure:13139: result: no
configure:13139: checking for sys/endian.h
configure:13139: result: no
configure:13150: checking for resmgr support
configure:13159: result: no
configure:13214: checking for aload* support
configure:13223: result: no
configure:13231: checking for ALSA device file directory
configure:13249: result: /dev/snd/
configure:13252: checking for aload* device file directory
configure:13270: result: /dev/
configure:13489: checking whether GCC supports builtin atomic intrinsics
configure:13507: gcc -o conftest -O2 -Wall -W -pipe -g -std=gnu99 -D_GNU_SOURCE   conftest.c  >&5
configure:13507: $? = 0
configure:13515: result: yes
configure:13894: checking for max number of cards
configure:13904: result: 32
configure:14035: checking that generated files are newer than configure
configure:14041: result: done
configure:14244: creating ./config.status

## ---------------------- ##
## Running config.status. ##
## ---------------------- ##

This file was extended by alsa-lib config.status 1.0.28, which was
generated by GNU Autoconf 2.69.  Invocation command line was

  CONFIG_FILES    = 
  CONFIG_HEADERS  = 
  CONFIG_LINKS    = 
  CONFIG_COMMANDS = 
  $ ./config.status 

on dell

config.status:1259: creating Makefile
config.status:1259: creating doc/Makefile
config.status:1259: creating doc/pictures/Makefile
config.status:1259: creating doc/doxygen.cfg
config.status:1259: creating include/Makefile
config.status:1259: creating include/sound/Makefile
config.status:1259: creating src/Versions
config.status:1259: creating src/Makefile
config.status:1259: creating src/control/Makefile
config.status:1259: creating src/mixer/Makefile
config.status:1259: creating src/pcm/Makefile
config.status:1259: creating src/pcm/scopes/Makefile
config.status:1259: creating src/rawmidi/Makefile
config.status:1259: creating src/timer/Makefile
config.status:1259: creating src/hwdep/Makefile
config.status:1259: creating src/seq/Makefile
config.status:1259: creating src/ucm/Makefile
config.status:1259: creating src/alisp/Makefile
config.status:1259: creating src/conf/Makefile
config.status:1259: creating src/conf/alsa.conf.d/Makefile
config.status:1259: creating src/conf/cards/Makefile
config.status:1259: creating src/conf/pcm/Makefile
config.status:1259: creating src/conf/ucm/Makefile
config.status:1259: creating src/conf/ucm/DAISY-I2S/Makefile
config.status:1259: creating src/conf/ucm/PandaBoard/Makefile
config.status:1259: creating src/conf/ucm/PandaBoardES/Makefile
config.status:1259: creating src/conf/ucm/SDP4430/Makefile
config.status:1259: creating src/conf/ucm/tegraalc5632/Makefile
config.status:1259: creating modules/Makefile
config.status:1259: creating modules/mixer/Makefile
config.status:1259: creating modules/mixer/simple/Makefile
config.status:1259: creating alsalisp/Makefile
config.status:1259: creating aserver/Makefile
config.status:1259: creating test/Makefile
config.status:1259: creating test/lsb/Makefile
config.status:1259: creating utils/Makefile
config.status:1259: creating utils/alsa-lib.spec
config.status:1259: creating utils/alsa.pc
config.status:1259: creating include/config.h
config.status:1440: include/config.h is unchanged
config.status:1488: executing depfiles commands
config.status:1488: executing libtool commands

## ---------------- ##
## Cache variables. ##
## ---------------- ##

ac_cv_build=x86_64-unknown-linux-gnu
ac_cv_c_compiler_gnu=yes
ac_cv_c_const=yes
ac_cv_c_inline=inline
ac_cv_env_CC_set=set
ac_cv_env_CC_value=gcc
ac_cv_env_CFLAGS_set=set
ac_cv_env_CFLAGS_value='-O2 -Wall -W -pipe -g -std=gnu99'
ac_cv_env_CPPFLAGS_set=
ac_cv_env_CPPFLAGS_value=
ac_cv_env_CPP_set=
ac_cv_env_CPP_value=
ac_cv_env_LDFLAGS_set=
ac_cv_env_LDFLAGS_value=
ac_cv_env_LIBS_set=
ac_cv_env_LIBS_value=
ac_cv_env_LT_SYS_LIBRARY_PATH_set=
ac_cv_env_LT_SYS_LIBRARY_PATH_value=
ac_cv_env_build_alias_set=
ac_cv_env_build_alias_value=
ac_cv_env_host_alias_set=
ac_cv_env_host_alias_value=
ac_cv_env_target_alias_set=
ac_cv_env_target_alias_value=
ac_cv_func_dlopen=no
ac_cv_func_shl_load=no
ac_cv_func_uselocale=yes
ac_cv_header_dlfcn_h=yes
ac_cv_header_endian_h=yes
ac_cv_header_inttypes_h=yes
ac_cv_header_memory_h=yes
ac_cv_header_stdc=yes
ac_cv_header_stdint_h=yes
ac_cv_header_stdlib_h=yes
ac_cv_header_string_h=yes
ac_cv_header_strings_h=yes
ac_cv_header_sys_endian_h=no
ac_cv_header_sys_stat_h=yes
ac_cv_header_sys_types_h=yes
ac_cv_header_time=yes
ac_cv_header_unistd_h=yes
ac_cv_header_wordexp_h=yes
ac_cv_host=x86_64-unknown-linux-gnu
ac_cv_lib_dl_dlopen=yes
ac_cv_lib_dl_dlsym=yes
ac_cv_lib_dld_shl_load=no
ac_cv_lib_pthread_pthread_join=yes
ac_cv_lib_rt_clock_gettime=yes
ac_cv_objext=o
ac_cv_path_EGREP='/bin/grep -E'
ac_cv_path_FGREP='/bin/grep -F'
ac_cv_path_GREP=/bin/grep
ac_cv_path_SED=/bin/sed
ac_cv_path_install='/usr/bin/install -c'
ac_cv_path_lt_DD=/bin/dd
ac_cv_path_mkdir=/bin/mkdir
ac_cv_prog_AWK=gawk
ac_cv_prog_CPP='gcc -E'
ac_cv_prog_ac_ct_AR=ar
ac_cv_prog_ac_ct_CC=gcc
ac_cv_prog_ac_ct_MANIFEST_TOOL=mt
ac_cv_prog_ac_ct_OBJDUMP=objdump
ac_cv_prog_ac_ct_RANLIB=ranlib
ac_cv_prog_ac_ct_STRIP=strip
ac_cv_prog_cc_c89=
ac_cv_prog_cc_g=yes
ac_cv_prog_gcc_traditional=no
ac_cv_prog_make_make_set=yes
am_cv_CC_dependencies_compiler_type=gcc3
am_cv_make_support_nested_variables=yes
am_cv_prog_cc_c_o=yes
cc_cv_ldflags__Wl___no_undefined=yes
lt_cv_ar_at_file=@
lt_cv_archive_cmds_need_lc=no
lt_cv_deplibs_check_method=pass_all
lt_cv_dlopen=dlopen
lt_cv_dlopen_libs=-ldl
lt_cv_dlopen_self=yes
lt_cv_dlopen_self_static=no
lt_cv_file_magic_cmd='$MAGIC_CMD'
lt_cv_file_magic_test_file=
lt_cv_ld_reload_flag=-r
lt_cv_nm_interface='BSD nm'
lt_cv_objdir=.libs
lt_cv_path_LD=/usr/bin/ld
lt_cv_path_NM='/usr/bin/nm -B'
lt_cv_path_mainfest_tool=no
lt_cv_prog_compiler_c_o=yes
lt_cv_prog_compiler_pic='-fPIC -DPIC'
lt_cv_prog_compiler_pic_works=yes
lt_cv_prog_compiler_rtti_exceptions=no
lt_cv_prog_compiler_static_works=yes
lt_cv_prog_gnu_ld=yes
lt_cv_sharedlib_from_linklib_cmd='printf %s\n'
lt_cv_shlibpath_overrides_runpath=no
lt_cv_sys_global_symbol_pipe='sed -n -e '\''s/^.*[	 ]\([ABCDGIRSTW][ABCDGIRSTW]*\)[	 ][	 ]*\([_A-Za-z][_A-Za-z0-9]*\)$/\1 \2 \2/p'\'' | sed '\''/ __gnu_lto/d'\'''
lt_cv_sys_global_symbol_to_c_name_address='sed -n -e '\''s/^: \(.*\) .*$/  {"\1", (void *) 0},/p'\'' -e '\''s/^[ABCDGIRSTW][ABCDGIRSTW]* .* \(.*\)$/  {"\1", (void *) \&\1},/p'\'''
lt_cv_sys_global_symbol_to_c_name_address_lib_prefix='sed -n -e '\''s/^: \(.*\) .*$/  {"\1", (void *) 0},/p'\'' -e '\''s/^[ABCDGIRSTW][ABCDGIRSTW]* .* \(lib.*\)$/  {"\1", (void *) \&\1},/p'\'' -e '\''s/^[ABCDGIRSTW][ABCDGIRSTW]* .* \(.*\)$/  {"lib\1", (void *) \&\1},/p'\'''
lt_cv_sys_global_symbol_to_cdecl='sed -n -e '\''s/^T .* \(.*\)$/extern int \1();/p'\'' -e '\''s/^[ABCDGIRSTW][ABCDGIRSTW]* .* \(.*\)$/extern char \1;/p'\'''
lt_cv_sys_global_symbol_to_import=
lt_cv_sys_max_cmd_len=1572864
lt_cv_to_host_file_cmd=func_convert_file_noop
lt_cv_to_tool_file_cmd=func_convert_file_noop
lt_cv_truncate_bin='/bin/dd bs=4096 count=1'

## ----------------- ##
## Output variables. ##
## ----------------- ##

ACLOCAL='${SHELL} /home/sspan/workspace/alsa_rec/alsa-lib-1.0.28ah-v2/missing aclocal-1.15'
ALSA_CONFIG_DIR='/usr/share/alsa'
ALSA_DEPLIBS='-lm -ldl -lpthread -lrt'
ALSA_PKGCONF_DIR='/usr/lib/pkgconfig'
ALSA_PLUGIN_DIR='/usr/lib/alsa-lib'
AMDEPBACKSLASH='\'
AMDEP_FALSE='#'
AMDEP_TRUE=''
AMTAR='$${TAR-tar}'
AM_BACKSLASH='\'
AM_DEFAULT_V='$(AM_DEFAULT_VERBOSITY)'
AM_DEFAULT_VERBOSITY='0'
AM_V='$(V)'
AR='ar'
AUTOCONF='${SHELL} /home/sspan/workspace/alsa_rec/alsa-lib-1.0.28ah-v2/missing autoconf'
AUTOHEADER='${SHELL} /home/sspan/workspace/alsa_rec/alsa-lib-1.0.28ah-v2/missing autoheader'
AUTOMAKE='${SHELL} /home/sspan/workspace/alsa_rec/alsa-lib-1.0.28ah-v2/missing automake-1.15'
AWK='gawk'
BUILD_ALISP_FALSE='#'
BUILD_ALISP_TRUE=''
BUILD_CTL_PLUGIN_EXT_FALSE='#'
BUILD_CTL_PLUGIN_EXT_TRUE=''
BUILD_CTL_PLUGIN_FALSE='#'
BUILD_CTL_PLUGIN_SHM_FALSE='#'
BUILD_CTL_PLUGIN_SHM_TRUE=''
BUILD_CTL_PLUGIN_TRUE=''
BUILD_HWDEP_FALSE='#'
BUILD_HWDEP_TRUE=''
BUILD_MIXER_FALSE='#'
BUILD_MIXER_TRUE=''
BUILD_MODULES_FALSE='#'
BUILD_MODULES_TRUE=''
BUILD_PCM_FALSE='#'
BUILD_PCM_PLUGIN_ADPCM_FALSE='#'
BUILD_PCM_PLUGIN_ADPCM_TRUE=''
BUILD_PCM_PLUGIN_ALAW_FALSE='#'
BUILD_PCM_PLUGIN_ALAW_TRUE=''
BUILD_PCM_PLUGIN_ASYM_FALSE='#'
BUILD_PCM_PLUGIN_ASYM_TRUE=''
BUILD_PCM_PLUGIN_COPY_FALSE='#'
BUILD_PCM_PLUGIN_COPY_TRUE=''
BUILD_PCM_PLUGIN_DMIX_FALSE='#'
BUILD_PCM_PLUGIN_DMIX_TRUE=''
BUILD_PCM_PLUGIN_DSHARE_FALSE='#'
BUILD_PCM_PLUGIN_DSHARE_TRUE=''
BUILD_PCM_PLUGIN_DSNOOP_FALSE='#'
BUILD_PCM_PLUGIN_DSNOOP_TRUE=''
BUILD_PCM_PLUGIN_EMPTY_FALSE='#'
BUILD_PCM_PLUGIN_EMPTY_TRUE=''
BUILD_PCM_PLUGIN_EXTPLUG_FALSE='#'
BUILD_PCM_PLUGIN_EXTPLUG_TRUE=''
BUILD_PCM_PLUGIN_FALSE='#'
BUILD_PCM_PLUGIN_FILE_FALSE='#'
BUILD_PCM_PLUGIN_FILE_TRUE=''
BUILD_PCM_PLUGIN_HOOKS_FALSE='#'
BUILD_PCM_PLUGIN_HOOKS_TRUE=''
BUILD_PCM_PLUGIN_IEC958_FALSE='#'
BUILD_PCM_PLUGIN_IEC958_TRUE=''
BUILD_PCM_PLUGIN_IOPLUG_FALSE='#'
BUILD_PCM_PLUGIN_IOPLUG_TRUE=''
BUILD_PCM_PLUGIN_LADSPA_FALSE='#'
BUILD_PCM_PLUGIN_LADSPA_TRUE=''
BUILD_PCM_PLUGIN_LFLOAT_FALSE='#'
BUILD_PCM_PLUGIN_LFLOAT_TRUE=''
BUILD_PCM_PLUGIN_LINEAR_FALSE='#'
BUILD_PCM_PLUGIN_LINEAR_TRUE=''
BUILD_PCM_PLUGIN_METER_FALSE='#'
BUILD_PCM_PLUGIN_METER_TRUE=''
BUILD_PCM_PLUGIN_MMAP_EMUL_FALSE='#'
BUILD_PCM_PLUGIN_MMAP_EMUL_TRUE=''
BUILD_PCM_PLUGIN_MULAW_FALSE='#'
BUILD_PCM_PLUGIN_MULAW_TRUE=''
BUILD_PCM_PLUGIN_MULTI_FALSE='#'
BUILD_PCM_PLUGIN_MULTI_TRUE=''
BUILD_PCM_PLUGIN_NULL_FALSE='#'
BUILD_PCM_PLUGIN_NULL_TRUE=''
BUILD_PCM_PLUGIN_PLUG_FALSE='#'
BUILD_PCM_PLUGIN_PLUG_TRUE=''
BUILD_PCM_PLUGIN_RATE_FALSE='#'
BUILD_PCM_PLUGIN_RATE_TRUE=''
BUILD_PCM_PLUGIN_ROUTE_FALSE='#'
BUILD_PCM_PLUGIN_ROUTE_TRUE=''
BUILD_PCM_PLUGIN_SHARE_FALSE='#'
BUILD_PCM_PLUGIN_SHARE_TRUE=''
BUILD_PCM_PLUGIN_SHM_FALSE='#'
BUILD_PCM_PLUGIN_SHM_TRUE=''
BUILD_PCM_PLUGIN_SOFTVOL_FALSE='#'
BUILD_PCM_PLUGIN_SOFTVOL_TRUE=''
BUILD_PCM_PLUGIN_TRUE=''
BUILD_PCM_TRUE=''
BUILD_PYTHON_FALSE=''
BUILD_PYTHON_TRUE='#'
BUILD_RAWMIDI_FALSE='#'
BUILD_RAWMIDI_TRUE=''
BUILD_SEQ_FALSE='#'
BUILD_SEQ_TRUE=''
BUILD_UCM_FALSE='#'
BUILD_UCM_TRUE=''
CC='gcc'
CCDEPMODE='depmode=gcc3'
CFLAGS='-O2 -Wall -W -pipe -g -std=gnu99 -D_GNU_SOURCE'
CPP='gcc -E'
CPPFLAGS=''
CYGPATH_W='echo'
DEFS='-DHAVE_CONFIG_H'
DEPDIR='.deps'
DLLTOOL='false'
DSYMUTIL=''
DUMPBIN=''
ECHO_C=''
ECHO_N='-n'
ECHO_T=''
EGREP='/bin/grep -E'
EXEEXT=''
FGREP='/bin/grep -F'
GREP='/bin/grep'
INSTALL_DATA='${INSTALL} -m 644'
INSTALL_M4_FALSE='#'
INSTALL_M4_TRUE=''
INSTALL_PROGRAM='${INSTALL}'
INSTALL_SCRIPT='${INSTALL}'
INSTALL_STRIP_PROGRAM='$(install_sh) -c -s'
KEEP_OLD_SYMBOLS_FALSE='#'
KEEP_OLD_SYMBOLS_TRUE=''
LD='/usr/bin/ld -m elf_x86_64'
LDFLAGS=''
LDFLAGS_NOUNDEFINED='-Wl,--no-undefined'
LIBOBJS=''
LIBS=''
LIBTOOL='$(SHELL) $(top_builddir)/libtool'
LIBTOOL_VERSION_INFO='2:0:0'
LIPO=''
LN_S='ln -s'
LTLIBOBJS=''
LT_SYS_LIBRARY_PATH=''
MAINT=''
MAINTAINER_MODE_FALSE='#'
MAINTAINER_MODE_TRUE=''
MAKEINFO='${SHELL} /home/sspan/workspace/alsa_rec/alsa-lib-1.0.28ah-v2/missing makeinfo'
MANIFEST_TOOL=':'
MKDIR_P='/bin/mkdir -p'
NM='/usr/bin/nm -B'
NMEDIT=''
OBJDUMP='objdump'
OBJEXT='o'
OTOOL64=''
OTOOL=''
PACKAGE='alsa-lib'
PACKAGE_BUGREPORT=''
PACKAGE_NAME='alsa-lib'
PACKAGE_STRING='alsa-lib 1.0.28'
PACKAGE_TARNAME='alsa-lib'
PACKAGE_URL=''
PACKAGE_VERSION='1.0.28'
PATH_SEPARATOR=':'
PYTHON_INCLUDES=''
PYTHON_LIBS=''
RANLIB='ranlib'
SED='/bin/sed'
SET_MAKE=''
SHELL='/bin/bash'
SND_LIB_EXTRAVER='1000000'
SND_LIB_MAJOR='1'
SND_LIB_MINOR='0'
SND_LIB_SUBMINOR='28'
SND_LIB_VERSION='1.0.28'
STRIP='strip'
SYMBOLIC_FUNCTIONS_FALSE=''
SYMBOLIC_FUNCTIONS_TRUE='#'
SYMBOL_PREFIX=''
VERSION='1.0.28'
VERSIONED_SYMBOLS_FALSE='#'
VERSIONED_SYMBOLS_TRUE=''
ac_ct_AR='ar'
ac_ct_CC='gcc'
ac_ct_DUMPBIN=''
am__EXEEXT_FALSE=''
am__EXEEXT_TRUE='#'
am__fastdepCC_FALSE='#'
am__fastdepCC_TRUE=''
am__include='include'
am__isrc=''
am__leading_dot='.'
am__nodep='_no'
am__quote=''
am__tar='$${TAR-tar} chof - "$$tardir"'
am__untar='$${TAR-tar} xf -'
bindir='${exec_prefix}/bin'
build='x86_64-unknown-linux-gnu'
build_alias=''
build_cpu='x86_64'
build_os='linux-gnu'
build_vendor='unknown'
datadir='${datarootdir}'
datarootdir='${prefix}/share'
docdir='${datarootdir}/doc/${PACKAGE_TARNAME}'
dvidir='${docdir}'
exec_prefix='/usr'
host='x86_64-unknown-linux-gnu'
host_alias=''
host_cpu='x86_64'
host_os='linux-gnu'
host_vendor='unknown'
htmldir='${docdir}'
includedir='${prefix}/include'
infodir='${datarootdir}/info'
install_sh='${SHELL} /home/sspan/workspace/alsa_rec/alsa-lib-1.0.28ah-v2/install-sh'
libdir='/usr/lib'
libexecdir='${exec_prefix}/libexec'
localedir='${datarootdir}/locale'
localstatedir='${prefix}/var'
mandir='${datarootdir}/man'
mkdir_p='$(MKDIR_P)'
oldincludedir='/usr/include'
pdfdir='${docdir}'
prefix='/usr'
program_transform_name='s,x,x,'
psdir='${docdir}'
runstatedir='${localstatedir}/run'
sbindir='${exec_prefix}/sbin'
sharedstatedir='${prefix}/com'
sysconfdir='${prefix}/etc'
target_alias=''

## ----------- ##
## confdefs.h. ##
## ----------- ##

/* confdefs.h */
#define PACKAGE_NAME "alsa-lib"
#define PACKAGE_TARNAME "alsa-lib"
#define PACKAGE_VERSION "1.0.28"
#define PACKAGE_STRING "alsa-lib 1.0.28"
#define PACKAGE_BUGREPORT ""
#define PACKAGE_URL ""
#define PACKAGE "alsa-lib"
#define VERSION "1.0.28"
#define STDC_HEADERS 1
#define HAVE_SYS_TYPES_H 1
#define HAVE_SYS_STAT_H 1
#define HAVE_STDLIB_H 1
#define HAVE_STRING_H 1
#define HAVE_MEMORY_H 1
#define HAVE_STRINGS_H 1
#define HAVE_INTTYPES_H 1
#define HAVE_STDINT_H 1
#define HAVE_UNISTD_H 1
#define HAVE_DLFCN_H 1
#define LT_OBJDIR ".libs/"
#define STDC_HEADERS 1
#define TIME_WITH_SYS_TIME 1
#define HAVE_USELOCALE 1
#define VERSION "1.0.28"
#define ALSA_CONFIG_DIR "/usr/share/alsa"
#define ALSA_PLUGIN_DIR "/usr/lib/alsa-lib"
#define ALSA_PKGCONF_DIR "/usr/lib/pkgconfig"
#define VERSIONED_SYMBOLS /**/
#define __SYMBOL_PREFIX ""
#define TMPDIR "/tmp"
#define HAVE_LIBDL 1
#define HAVE_LIBPTHREAD 1
#define HAVE___THREAD 1
#define HAVE_LIBRT 1
#define HAVE_CLOCK_GETTIME 1
#define HAVE_WORDEXP_H 1
#define HAVE_ENDIAN_H 1
#define ALSA_DEVICE_DIRECTORY "/dev/snd/"
#define ALOAD_DEVICE_DIRECTORY "/dev/"
#define BUILD_MIXER "1"
#define BUILD_PCM "1"
#define BUILD_RAWMIDI "1"
#define BUILD_HWDEP "1"
#define BUILD_SEQ "1"
#define BUILD_UCM "1"
#define BUILD_PCM_PLUGIN_RATE "1"
#define BUILD_PCM_PLUGIN_ROUTE "1"
#define BUILD_PCM_PLUGIN_LFLOAT "1"
#define BUILD_PCM_PLUGIN_ADPCM "1"
#define BUILD_PCM_PLUGIN_MULAW "1"
#define BUILD_PCM_PLUGIN_ALAW "1"
#define BUILD_PCM_PLUGIN_MMAP_EMUL "1"
#define SND_MAX_CARDS 32

configure: exit 0
